<?xml version="1.0" encoding="UTF-8"?>
<!-- Generated by org.testng.reporters.JUnitReportReporter -->
<testsuite hostname="LAPTOP-H7R7DK85" failures="0" tests="1" name="tests.CreateAndDuplicateLeadTest" time="31.897" errors="0" timestamp="2024-08-22T12:13:48 IST" skipped="0">
  <testcase classname="tests.CreateAndDuplicateLeadTest" name="createLeadTest" time="31.897"/>
  <system-out/>
</testsuite> <!-- tests.CreateAndDuplicateLeadTest -->
