<?xml version="1.0" encoding="UTF-8"?>
<!-- Generated by org.testng.reporters.JUnitReportReporter -->
<testsuite hostname="LAPTOP-H7R7DK85" failures="0" tests="1" name="tests.CreateContactWithExistingOrgTest" time="59.426" errors="0" timestamp="2024-08-22T11:54:07 IST" skipped="0">
  <testcase classname="tests.CreateContactWithExistingOrgTest" name="createContactTest" time="59.426"/>
  <system-out/>
</testsuite> <!-- tests.CreateContactWithExistingOrgTest -->
