<?xml version="1.0" encoding="UTF-8"?>
<!-- Generated by org.testng.reporters.JUnitReportReporter -->
<testsuite hostname="LAPTOP-H7R7DK85" failures="0" tests="1" name="tests.CreateEventTest" time="28.208" errors="0" timestamp="2024-08-22T12:30:13 IST" skipped="0">
  <testcase classname="tests.CreateEventTest" name="createEventTest" time="28.208"/>
  <system-out/>
</testsuite> <!-- tests.CreateEventTest -->
